[2025-11-14 03:46:28] [INFO] [org.hibernate.validator.internal.util.Version] - HV000001: Hibernate Validator 8.0.3.Final
[2025-11-14 03:46:28] [INFO] [com.ms_producto.productos.productos.MsProductoApplication] - Starting MsProductoApplication v0.0.1-SNAPSHOT using Java 21.0.9 with PID 1 (/app/app.jar started by root in /app)
[2025-11-14 03:46:28] [INFO] [com.ms_producto.productos.productos.MsProductoApplication] - No active profile set, falling back to 1 default profile: "default"
[2025-11-14 03:46:29] [INFO] [org.springframework.data.repository.config.RepositoryConfigurationDelegate] - Bootstrapping Spring Data JPA repositories in DEFAULT mode.
[2025-11-14 03:46:29] [INFO] [org.springframework.data.repository.config.RepositoryConfigurationDelegate] - Finished Spring Data repository scanning in 50 ms. Found 1 JPA repository interface.
[2025-11-14 03:46:30] [INFO] [org.springframework.boot.web.embedded.tomcat.TomcatWebServer] - Tomcat initialized with port 86 (http)
[2025-11-14 03:46:30] [INFO] [org.apache.coyote.http11.Http11NioProtocol] - Initializing ProtocolHandler ["http-nio-86"]
[2025-11-14 03:46:30] [INFO] [org.apache.catalina.core.StandardService] - Starting service [Tomcat]
[2025-11-14 03:46:30] [INFO] [org.apache.catalina.core.StandardEngine] - Starting Servlet engine: [Apache Tomcat/10.1.48]
[2025-11-14 03:46:30] [INFO] [org.apache.catalina.core.ContainerBase.[Tomcat].[localhost].[/]] - Initializing Spring embedded WebApplicationContext
[2025-11-14 03:46:30] [INFO] [org.springframework.boot.web.servlet.context.ServletWebServerApplicationContext] - Root WebApplicationContext: initialization completed in 1606 ms
[2025-11-14 03:46:30] [INFO] [org.hibernate.jpa.internal.util.LogHelper] - HHH000204: Processing PersistenceUnitInfo [name: default]
[2025-11-14 03:46:30] [INFO] [org.hibernate.Version] - HHH000412: Hibernate ORM core version 6.6.33.Final
[2025-11-14 03:46:30] [INFO] [org.hibernate.cache.internal.RegionFactoryInitiator] - HHH000026: Second-level cache disabled
[2025-11-14 03:46:30] [INFO] [org.springframework.orm.jpa.persistenceunit.SpringPersistenceUnitInfo] - No LoadTimeWeaver setup: ignoring JPA class transformer
[2025-11-14 03:46:30] [INFO] [com.zaxxer.hikari.HikariDataSource] - HikariPool-1 - Starting...
[2025-11-14 03:46:31] [INFO] [com.zaxxer.hikari.pool.HikariPool] - HikariPool-1 - Added connection org.postgresql.jdbc.PgConnection@60ae7cf2
[2025-11-14 03:46:31] [INFO] [com.zaxxer.hikari.HikariDataSource] - HikariPool-1 - Start completed.
[2025-11-14 03:46:31] [WARN] [org.hibernate.orm.deprecation] - HHH90000025: PostgreSQLDialect does not need to be specified explicitly using 'hibernate.dialect' (remove the property setting and it will be selected by default)
[2025-11-14 03:46:31] [INFO] [org.hibernate.orm.connections.pooling] - HHH10001005: Database info:
	Database JDBC URL [Connecting through datasource 'HikariDataSource (HikariPool-1)']
	Database driver: undefined/unknown
	Database version: 16.10
	Autocommit mode: undefined/unknown
	Isolation level: undefined/unknown
	Minimum pool size: undefined/unknown
	Maximum pool size: undefined/unknown
[2025-11-14 03:46:31] [INFO] [org.hibernate.engine.transaction.jta.platform.internal.JtaPlatformInitiator] - HHH000489: No JTA platform available (set 'hibernate.transaction.jta.platform' to enable JTA platform integration)
[2025-11-14 03:46:31] [INFO] [org.springframework.orm.jpa.LocalContainerEntityManagerFactoryBean] - Initialized JPA EntityManagerFactory for persistence unit 'default'
[2025-11-14 03:46:32] [WARN] [org.springframework.boot.autoconfigure.orm.jpa.JpaBaseConfiguration$JpaWebConfiguration] - spring.jpa.open-in-view is enabled by default. Therefore, database queries may be performed during view rendering. Explicitly configure spring.jpa.open-in-view to disable this warning
[2025-11-14 03:46:32] [INFO] [org.apache.coyote.http11.Http11NioProtocol] - Starting ProtocolHandler ["http-nio-86"]
[2025-11-14 03:46:32] [INFO] [org.springframework.boot.web.embedded.tomcat.TomcatWebServer] - Tomcat started on port 86 (http) with context path '/'
[2025-11-14 03:46:32] [INFO] [com.ms_producto.productos.productos.MsProductoApplication] - Started MsProductoApplication in 4.953 seconds (process running for 5.714)
[2025-11-14 03:46:32] [WARN] [org.springdoc.core.events.SpringDocAppInitializer] - SpringDoc /v3/api-docs endpoint is enabled by default. To disable it in production, set the property 'springdoc.api-docs.enabled=false'
[2025-11-14 03:46:32] [WARN] [org.springdoc.core.events.SpringDocAppInitializer] - SpringDoc /swagger-ui.html endpoint is enabled by default. To disable it in production, set the property 'springdoc.swagger-ui.enabled=false'
[2025-11-14 03:49:53] [INFO] [org.apache.catalina.core.ContainerBase.[Tomcat].[localhost].[/]] - Initializing Spring DispatcherServlet 'dispatcherServlet'
[2025-11-14 03:49:53] [INFO] [org.springframework.web.servlet.DispatcherServlet] - Initializing Servlet 'dispatcherServlet'
[2025-11-14 03:49:53] [INFO] [org.springframework.web.servlet.DispatcherServlet] - Completed initialization in 5 ms
[2025-11-14 03:49:54] [ERROR] [com.ms_producto.productos.productos.exception.GlobalExceptionHandler] - Error de validación: El idProducto es obligatorio | Path: /api/v1/productos/actualizar-precio
[2025-11-14 03:50:16] [INFO] [com.ms_producto.productos.productos.service.impl.ProductoServiceImpl] - Solicitud de actualización de precio. idProducto=1, nuevoPrecio=160.90
[2025-11-14 03:50:16] [INFO] [com.ms_producto.productos.productos.service.impl.ProductoServiceImpl] - Precio actualizado correctamente. idProducto=1, precioActual=160.90
[2025-11-14 03:50:45] [INFO] [org.springframework.boot.web.embedded.tomcat.GracefulShutdown] - Commencing graceful shutdown. Waiting for active requests to complete
[2025-11-14 03:50:45] [INFO] [org.springframework.boot.web.embedded.tomcat.GracefulShutdown] - Graceful shutdown complete
[2025-11-14 03:50:45] [INFO] [org.springframework.orm.jpa.LocalContainerEntityManagerFactoryBean] - Closing JPA EntityManagerFactory for persistence unit 'default'
[2025-11-14 03:50:45] [INFO] [com.zaxxer.hikari.HikariDataSource] - HikariPool-1 - Shutdown initiated...
[2025-11-14 03:50:45] [INFO] [com.zaxxer.hikari.HikariDataSource] - HikariPool-1 - Shutdown completed.
[2025-11-14 04:39:45] [INFO] [org.hibernate.validator.internal.util.Version] - HV000001: Hibernate Validator 8.0.3.Final
[2025-11-14 04:39:45] [INFO] [com.ms_producto.productos.productos.MsProductoApplication] - Starting MsProductoApplication v0.0.1-SNAPSHOT using Java 21.0.9 with PID 1 (/app/app.jar started by root in /app)
[2025-11-14 04:39:45] [INFO] [com.ms_producto.productos.productos.MsProductoApplication] - No active profile set, falling back to 1 default profile: "default"
[2025-11-14 04:39:48] [INFO] [org.springframework.data.repository.config.RepositoryConfigurationDelegate] - Bootstrapping Spring Data JPA repositories in DEFAULT mode.
[2025-11-14 04:39:48] [INFO] [org.springframework.data.repository.config.RepositoryConfigurationDelegate] - Finished Spring Data repository scanning in 116 ms. Found 1 JPA repository interface.
[2025-11-14 04:39:50] [INFO] [org.springframework.boot.web.embedded.tomcat.TomcatWebServer] - Tomcat initialized with port 86 (http)
[2025-11-14 04:39:50] [INFO] [org.apache.coyote.http11.Http11NioProtocol] - Initializing ProtocolHandler ["http-nio-86"]
[2025-11-14 04:39:50] [INFO] [org.apache.catalina.core.StandardService] - Starting service [Tomcat]
[2025-11-14 04:39:50] [INFO] [org.apache.catalina.core.StandardEngine] - Starting Servlet engine: [Apache Tomcat/10.1.48]
[2025-11-14 04:39:50] [INFO] [org.apache.catalina.core.ContainerBase.[Tomcat].[localhost].[/]] - Initializing Spring embedded WebApplicationContext
[2025-11-14 04:39:50] [INFO] [org.springframework.boot.web.servlet.context.ServletWebServerApplicationContext] - Root WebApplicationContext: initialization completed in 4817 ms
[2025-11-14 04:39:52] [INFO] [org.hibernate.jpa.internal.util.LogHelper] - HHH000204: Processing PersistenceUnitInfo [name: default]
[2025-11-14 04:39:52] [INFO] [org.hibernate.Version] - HHH000412: Hibernate ORM core version 6.6.33.Final
[2025-11-14 04:39:52] [INFO] [org.hibernate.cache.internal.RegionFactoryInitiator] - HHH000026: Second-level cache disabled
[2025-11-14 04:39:53] [INFO] [org.springframework.orm.jpa.persistenceunit.SpringPersistenceUnitInfo] - No LoadTimeWeaver setup: ignoring JPA class transformer
[2025-11-14 04:39:53] [INFO] [com.zaxxer.hikari.HikariDataSource] - HikariPool-1 - Starting...
[2025-11-14 04:39:54] [INFO] [com.zaxxer.hikari.pool.HikariPool] - HikariPool-1 - Added connection org.postgresql.jdbc.PgConnection@6e3b2dd3
[2025-11-14 04:39:54] [INFO] [com.zaxxer.hikari.HikariDataSource] - HikariPool-1 - Start completed.
[2025-11-14 04:39:54] [WARN] [org.hibernate.orm.deprecation] - HHH90000025: PostgreSQLDialect does not need to be specified explicitly using 'hibernate.dialect' (remove the property setting and it will be selected by default)
[2025-11-14 04:39:54] [INFO] [org.hibernate.orm.connections.pooling] - HHH10001005: Database info:
	Database JDBC URL [Connecting through datasource 'HikariDataSource (HikariPool-1)']
	Database driver: undefined/unknown
	Database version: 16.10
	Autocommit mode: undefined/unknown
	Isolation level: undefined/unknown
	Minimum pool size: undefined/unknown
	Maximum pool size: undefined/unknown
[2025-11-14 04:39:56] [INFO] [org.hibernate.engine.transaction.jta.platform.internal.JtaPlatformInitiator] - HHH000489: No JTA platform available (set 'hibernate.transaction.jta.platform' to enable JTA platform integration)
[2025-11-14 04:39:56] [INFO] [org.springframework.orm.jpa.LocalContainerEntityManagerFactoryBean] - Initialized JPA EntityManagerFactory for persistence unit 'default'
[2025-11-14 04:39:56] [WARN] [org.springframework.boot.autoconfigure.orm.jpa.JpaBaseConfiguration$JpaWebConfiguration] - spring.jpa.open-in-view is enabled by default. Therefore, database queries may be performed during view rendering. Explicitly configure spring.jpa.open-in-view to disable this warning
[2025-11-14 04:39:58] [INFO] [org.apache.coyote.http11.Http11NioProtocol] - Starting ProtocolHandler ["http-nio-86"]
[2025-11-14 04:39:58] [INFO] [org.springframework.boot.web.embedded.tomcat.TomcatWebServer] - Tomcat started on port 86 (http) with context path '/'
[2025-11-14 04:39:58] [INFO] [com.ms_producto.productos.productos.MsProductoApplication] - Started MsProductoApplication in 14.411 seconds (process running for 16.549)
[2025-11-14 04:39:58] [WARN] [org.springdoc.core.events.SpringDocAppInitializer] - SpringDoc /v3/api-docs endpoint is enabled by default. To disable it in production, set the property 'springdoc.api-docs.enabled=false'
[2025-11-14 04:39:58] [WARN] [org.springdoc.core.events.SpringDocAppInitializer] - SpringDoc /swagger-ui.html endpoint is enabled by default. To disable it in production, set the property 'springdoc.swagger-ui.enabled=false'
[2025-11-14 04:41:09] [INFO] [org.springframework.boot.web.embedded.tomcat.GracefulShutdown] - Commencing graceful shutdown. Waiting for active requests to complete
[2025-11-14 04:41:09] [INFO] [org.springframework.boot.web.embedded.tomcat.GracefulShutdown] - Graceful shutdown complete
[2025-11-14 04:41:09] [INFO] [org.springframework.orm.jpa.LocalContainerEntityManagerFactoryBean] - Closing JPA EntityManagerFactory for persistence unit 'default'
[2025-11-14 04:41:09] [INFO] [com.zaxxer.hikari.HikariDataSource] - HikariPool-1 - Shutdown initiated...
[2025-11-14 04:41:09] [INFO] [com.zaxxer.hikari.HikariDataSource] - HikariPool-1 - Shutdown completed.
[2025-11-14 04:42:43] [INFO] [org.hibernate.validator.internal.util.Version] - HV000001: Hibernate Validator 8.0.3.Final
[2025-11-14 04:42:43] [INFO] [com.ms_producto.productos.productos.MsProductoApplication] - Starting MsProductoApplication v0.0.1-SNAPSHOT using Java 21.0.9 with PID 1 (/app/app.jar started by root in /app)
[2025-11-14 04:42:43] [INFO] [com.ms_producto.productos.productos.MsProductoApplication] - No active profile set, falling back to 1 default profile: "default"
[2025-11-14 04:42:45] [INFO] [org.springframework.data.repository.config.RepositoryConfigurationDelegate] - Bootstrapping Spring Data JPA repositories in DEFAULT mode.
[2025-11-14 04:42:45] [INFO] [org.springframework.data.repository.config.RepositoryConfigurationDelegate] - Finished Spring Data repository scanning in 58 ms. Found 1 JPA repository interface.
[2025-11-14 04:42:46] [INFO] [org.springframework.boot.web.embedded.tomcat.TomcatWebServer] - Tomcat initialized with port 86 (http)
[2025-11-14 04:42:46] [INFO] [org.apache.coyote.http11.Http11NioProtocol] - Initializing ProtocolHandler ["http-nio-86"]
[2025-11-14 04:42:46] [INFO] [org.apache.catalina.core.StandardService] - Starting service [Tomcat]
[2025-11-14 04:42:46] [INFO] [org.apache.catalina.core.StandardEngine] - Starting Servlet engine: [Apache Tomcat/10.1.48]
[2025-11-14 04:42:46] [INFO] [org.apache.catalina.core.ContainerBase.[Tomcat].[localhost].[/]] - Initializing Spring embedded WebApplicationContext
[2025-11-14 04:42:46] [INFO] [org.springframework.boot.web.servlet.context.ServletWebServerApplicationContext] - Root WebApplicationContext: initialization completed in 2480 ms
[2025-11-14 04:42:46] [INFO] [org.hibernate.jpa.internal.util.LogHelper] - HHH000204: Processing PersistenceUnitInfo [name: default]
[2025-11-14 04:42:46] [INFO] [org.hibernate.Version] - HHH000412: Hibernate ORM core version 6.6.33.Final
[2025-11-14 04:42:46] [INFO] [org.hibernate.cache.internal.RegionFactoryInitiator] - HHH000026: Second-level cache disabled
[2025-11-14 04:42:47] [INFO] [org.springframework.orm.jpa.persistenceunit.SpringPersistenceUnitInfo] - No LoadTimeWeaver setup: ignoring JPA class transformer
[2025-11-14 04:42:47] [INFO] [com.zaxxer.hikari.HikariDataSource] - HikariPool-1 - Starting...
[2025-11-14 04:42:47] [INFO] [com.zaxxer.hikari.pool.HikariPool] - HikariPool-1 - Added connection org.postgresql.jdbc.PgConnection@5a1a20ae
[2025-11-14 04:42:47] [INFO] [com.zaxxer.hikari.HikariDataSource] - HikariPool-1 - Start completed.
[2025-11-14 04:42:47] [WARN] [org.hibernate.orm.deprecation] - HHH90000025: PostgreSQLDialect does not need to be specified explicitly using 'hibernate.dialect' (remove the property setting and it will be selected by default)
[2025-11-14 04:42:47] [INFO] [org.hibernate.orm.connections.pooling] - HHH10001005: Database info:
	Database JDBC URL [Connecting through datasource 'HikariDataSource (HikariPool-1)']
	Database driver: undefined/unknown
	Database version: 16.10
	Autocommit mode: undefined/unknown
	Isolation level: undefined/unknown
	Minimum pool size: undefined/unknown
	Maximum pool size: undefined/unknown
[2025-11-14 04:42:48] [INFO] [org.hibernate.engine.transaction.jta.platform.internal.JtaPlatformInitiator] - HHH000489: No JTA platform available (set 'hibernate.transaction.jta.platform' to enable JTA platform integration)
[2025-11-14 04:42:48] [INFO] [org.springframework.orm.jpa.LocalContainerEntityManagerFactoryBean] - Initialized JPA EntityManagerFactory for persistence unit 'default'
[2025-11-14 04:42:49] [WARN] [org.springframework.boot.autoconfigure.orm.jpa.JpaBaseConfiguration$JpaWebConfiguration] - spring.jpa.open-in-view is enabled by default. Therefore, database queries may be performed during view rendering. Explicitly configure spring.jpa.open-in-view to disable this warning
[2025-11-14 04:42:49] [INFO] [org.apache.coyote.http11.Http11NioProtocol] - Starting ProtocolHandler ["http-nio-86"]
[2025-11-14 04:42:49] [INFO] [org.springframework.boot.web.embedded.tomcat.TomcatWebServer] - Tomcat started on port 86 (http) with context path '/'
[2025-11-14 04:42:49] [INFO] [com.ms_producto.productos.productos.MsProductoApplication] - Started MsProductoApplication in 7.208 seconds (process running for 8.41)
[2025-11-14 04:42:49] [WARN] [org.springdoc.core.events.SpringDocAppInitializer] - SpringDoc /v3/api-docs endpoint is enabled by default. To disable it in production, set the property 'springdoc.api-docs.enabled=false'
[2025-11-14 04:42:49] [WARN] [org.springdoc.core.events.SpringDocAppInitializer] - SpringDoc /swagger-ui.html endpoint is enabled by default. To disable it in production, set the property 'springdoc.swagger-ui.enabled=false'
