[2025-11-14 02:45:56] [INFO] [org.hibernate.validator.internal.util.Version] - HV000001: Hibernate Validator 8.0.3.Final
[2025-11-14 02:45:57] [INFO] [com.ms_usuario.usuarios.MsUsuarioApplication] - Starting MsUsuarioApplication v0.0.1-SNAPSHOT using Java 21.0.9 with PID 1 (/app/app.jar started by root in /app)
[2025-11-14 02:45:57] [INFO] [com.ms_usuario.usuarios.MsUsuarioApplication] - No active profile set, falling back to 1 default profile: "default"
[2025-11-14 02:45:57] [INFO] [org.springframework.data.repository.config.RepositoryConfigurationDelegate] - Bootstrapping Spring Data MongoDB repositories in DEFAULT mode.
[2025-11-14 02:45:57] [INFO] [org.springframework.data.repository.config.RepositoryConfigurationDelegate] - Finished Spring Data repository scanning in 50 ms. Found 1 MongoDB repository interface.
[2025-11-14 02:45:58] [INFO] [org.springframework.boot.web.embedded.tomcat.TomcatWebServer] - Tomcat initialized with port 85 (http)
[2025-11-14 02:45:58] [INFO] [org.apache.coyote.http11.Http11NioProtocol] - Initializing ProtocolHandler ["http-nio-85"]
[2025-11-14 02:45:58] [INFO] [org.apache.catalina.core.StandardService] - Starting service [Tomcat]
[2025-11-14 02:45:58] [INFO] [org.apache.catalina.core.StandardEngine] - Starting Servlet engine: [Apache Tomcat/10.1.48]
[2025-11-14 02:45:58] [INFO] [org.apache.catalina.core.ContainerBase.[Tomcat].[localhost].[/]] - Initializing Spring embedded WebApplicationContext
[2025-11-14 02:45:58] [INFO] [org.springframework.boot.web.servlet.context.ServletWebServerApplicationContext] - Root WebApplicationContext: initialization completed in 1230 ms
[2025-11-14 02:45:58] [INFO] [org.mongodb.driver.client] - MongoClient with metadata {"driver": {"name": "mongo-java-driver|sync|spring-boot", "version": "5.5.2"}, "os": {"type": "Linux", "name": "Linux", "architecture": "amd64", "version": "5.15.153.1-microsoft-standard-WSL2"}, "platform": "Java/Eclipse Adoptium/21.0.9+10-LTS", "env": {"container": {"runtime": "docker"}}} created with settings MongoClientSettings{readPreference=primary, writeConcern=WriteConcern{w=null, wTimeout=null ms, journal=null}, retryWrites=true, retryReads=true, readConcern=ReadConcern{level=null}, credential=null, transportSettings=null, commandListeners=[], codecRegistry=ProvidersCodecRegistry{codecProviders=[ValueCodecProvider{}, BsonValueCodecProvider{}, DBRefCodecProvider{}, DBObjectCodecProvider{}, DocumentCodecProvider{}, CollectionCodecProvider{}, IterableCodecProvider{}, MapCodecProvider{}, GeoJsonCodecProvider{}, GridFSFileCodecProvider{}, Jsr310CodecProvider{}, JsonObjectCodecProvider{}, BsonCodecProvider{}, EnumCodecProvider{}, com.mongodb.client.model.mql.ExpressionCodecProvider@59d0cdb6, com.mongodb.Jep395RecordCodecProvider@2dfeb141, com.mongodb.KotlinCodecProvider@629e8212]}, loggerSettings=LoggerSettings{maxDocumentLength=1000}, clusterSettings={hosts=[mongo:27017], srvServiceName=mongodb, mode=SINGLE, requiredClusterType=UNKNOWN, requiredReplicaSetName='null', serverSelector='null', clusterListeners='[]', serverSelectionTimeout='30000 ms', localThreshold='15 ms'}, socketSettings=SocketSettings{connectTimeoutMS=10000, readTimeoutMS=0, receiveBufferSize=0, proxySettings=ProxySettings{host=null, port=null, username=null, password=null}}, heartbeatSocketSettings=SocketSettings{connectTimeoutMS=10000, readTimeoutMS=10000, receiveBufferSize=0, proxySettings=ProxySettings{host=null, port=null, username=null, password=null}}, connectionPoolSettings=ConnectionPoolSettings{maxSize=100, minSize=0, maxWaitTimeMS=120000, maxConnectionLifeTimeMS=0, maxConnectionIdleTimeMS=0, maintenanceInitialDelayMS=0, maintenanceFrequencyMS=60000, connectionPoolListeners=[], maxConnecting=2}, serverSettings=ServerSettings{heartbeatFrequencyMS=10000, minHeartbeatFrequencyMS=500, serverMonitoringMode=AUTO, serverListeners='[]', serverMonitorListeners='[]'}, sslSettings=SslSettings{enabled=false, invalidHostNameAllowed=false, context=null}, applicationName='null', compressorList=[], uuidRepresentation=JAVA_LEGACY, serverApi=null, autoEncryptionSettings=null, dnsClient=null, inetAddressResolver=null, contextProvider=null, timeoutMS=null}
[2025-11-14 02:45:58] [INFO] [org.mongodb.driver.cluster] - Monitor thread successfully connected to server with description ServerDescription{address=mongo:27017, type=STANDALONE, cryptd=false, state=CONNECTED, ok=true, minWireVersion=0, maxWireVersion=17, maxDocumentSize=16777216, logicalSessionTimeoutMinutes=30, roundTripTimeNanos=23537769, minRoundTripTimeNanos=0}
[2025-11-14 02:45:59] [INFO] [org.apache.coyote.http11.Http11NioProtocol] - Starting ProtocolHandler ["http-nio-85"]
[2025-11-14 02:45:59] [INFO] [org.springframework.boot.web.embedded.tomcat.TomcatWebServer] - Tomcat started on port 85 (http) with context path '/'
[2025-11-14 02:45:59] [INFO] [com.ms_usuario.usuarios.MsUsuarioApplication] - Started MsUsuarioApplication in 3.283 seconds (process running for 3.841)
[2025-11-14 02:46:09] [INFO] [org.apache.catalina.core.ContainerBase.[Tomcat].[localhost].[/]] - Initializing Spring DispatcherServlet 'dispatcherServlet'
[2025-11-14 02:46:09] [INFO] [org.springframework.web.servlet.DispatcherServlet] - Initializing Servlet 'dispatcherServlet'
[2025-11-14 02:46:09] [INFO] [org.springframework.web.servlet.DispatcherServlet] - Completed initialization in 1 ms
[2025-11-14 02:46:09] [INFO] [com.ms_usuario.usuarios.service.impl.UsuarioServiceImpl] - Intentando login para el usuario: lorel
[2025-11-14 02:46:09] [WARN] [com.ms_usuario.usuarios.service.impl.UsuarioServiceImpl] - Usuario no encontrado: lorel
[2025-11-14 02:46:09] [ERROR] [com.ms_usuario.usuarios.exception.GlobalExceptionHandler] - Error de negocio: Usuario no encontrado | Path: /api/v1/usuarios/login
[2025-11-14 02:46:24] [INFO] [com.ms_usuario.usuarios.service.impl.UsuarioServiceImpl] - Intentando login para el usuario: lorelei
[2025-11-14 02:46:24] [INFO] [com.ms_usuario.usuarios.service.impl.UsuarioServiceImpl] - Login exitoso para usuario: lorelei
[2025-11-14 02:50:21] [ERROR] [com.ms_usuario.usuarios.exception.GlobalExceptionHandler] - Error inesperado: Handler dispatch failed: java.lang.NoSuchMethodError: 'void org.springframework.web.method.ControllerAdviceBean.<init>(java.lang.Object)' | Path: /v3/api-docs
[2025-11-14 02:50:21] [ERROR] [com.ms_usuario.usuarios.exception.GlobalExceptionHandler] - Error inesperado: No static resource favicon.ico. | Path: /favicon.ico
[2025-11-14 02:55:34] [INFO] [org.springframework.boot.web.embedded.tomcat.GracefulShutdown] - Commencing graceful shutdown. Waiting for active requests to complete
[2025-11-14 02:55:34] [INFO] [org.springframework.boot.web.embedded.tomcat.GracefulShutdown] - Graceful shutdown complete
[2025-11-14 02:58:08] [INFO] [org.hibernate.validator.internal.util.Version] - HV000001: Hibernate Validator 8.0.3.Final
[2025-11-14 02:58:08] [INFO] [com.ms_usuario.usuarios.MsUsuarioApplication] - Starting MsUsuarioApplication v0.0.1-SNAPSHOT using Java 21.0.9 with PID 1 (/app/app.jar started by root in /app)
[2025-11-14 02:58:08] [INFO] [com.ms_usuario.usuarios.MsUsuarioApplication] - No active profile set, falling back to 1 default profile: "default"
[2025-11-14 02:58:09] [INFO] [org.springframework.data.repository.config.RepositoryConfigurationDelegate] - Bootstrapping Spring Data MongoDB repositories in DEFAULT mode.
[2025-11-14 02:58:09] [INFO] [org.springframework.data.repository.config.RepositoryConfigurationDelegate] - Finished Spring Data repository scanning in 51 ms. Found 1 MongoDB repository interface.
[2025-11-14 02:58:09] [INFO] [org.springframework.boot.web.embedded.tomcat.TomcatWebServer] - Tomcat initialized with port 85 (http)
[2025-11-14 02:58:09] [INFO] [org.apache.coyote.http11.Http11NioProtocol] - Initializing ProtocolHandler ["http-nio-85"]
[2025-11-14 02:58:09] [INFO] [org.apache.catalina.core.StandardService] - Starting service [Tomcat]
[2025-11-14 02:58:09] [INFO] [org.apache.catalina.core.StandardEngine] - Starting Servlet engine: [Apache Tomcat/10.1.48]
[2025-11-14 02:58:09] [INFO] [org.apache.catalina.core.ContainerBase.[Tomcat].[localhost].[/]] - Initializing Spring embedded WebApplicationContext
[2025-11-14 02:58:09] [INFO] [org.springframework.boot.web.servlet.context.ServletWebServerApplicationContext] - Root WebApplicationContext: initialization completed in 1265 ms
[2025-11-14 02:58:10] [INFO] [org.mongodb.driver.client] - MongoClient with metadata {"driver": {"name": "mongo-java-driver|sync|spring-boot", "version": "5.5.2"}, "os": {"type": "Linux", "name": "Linux", "architecture": "amd64", "version": "5.15.153.1-microsoft-standard-WSL2"}, "platform": "Java/Eclipse Adoptium/21.0.9+10-LTS", "env": {"container": {"runtime": "docker"}}} created with settings MongoClientSettings{readPreference=primary, writeConcern=WriteConcern{w=null, wTimeout=null ms, journal=null}, retryWrites=true, retryReads=true, readConcern=ReadConcern{level=null}, credential=null, transportSettings=null, commandListeners=[], codecRegistry=ProvidersCodecRegistry{codecProviders=[ValueCodecProvider{}, BsonValueCodecProvider{}, DBRefCodecProvider{}, DBObjectCodecProvider{}, DocumentCodecProvider{}, CollectionCodecProvider{}, IterableCodecProvider{}, MapCodecProvider{}, GeoJsonCodecProvider{}, GridFSFileCodecProvider{}, Jsr310CodecProvider{}, JsonObjectCodecProvider{}, BsonCodecProvider{}, EnumCodecProvider{}, com.mongodb.client.model.mql.ExpressionCodecProvider@4e424582, com.mongodb.Jep395RecordCodecProvider@58dad04a, com.mongodb.KotlinCodecProvider@73e776b7]}, loggerSettings=LoggerSettings{maxDocumentLength=1000}, clusterSettings={hosts=[mongo:27017], srvServiceName=mongodb, mode=SINGLE, requiredClusterType=UNKNOWN, requiredReplicaSetName='null', serverSelector='null', clusterListeners='[]', serverSelectionTimeout='30000 ms', localThreshold='15 ms'}, socketSettings=SocketSettings{connectTimeoutMS=10000, readTimeoutMS=0, receiveBufferSize=0, proxySettings=ProxySettings{host=null, port=null, username=null, password=null}}, heartbeatSocketSettings=SocketSettings{connectTimeoutMS=10000, readTimeoutMS=10000, receiveBufferSize=0, proxySettings=ProxySettings{host=null, port=null, username=null, password=null}}, connectionPoolSettings=ConnectionPoolSettings{maxSize=100, minSize=0, maxWaitTimeMS=120000, maxConnectionLifeTimeMS=0, maxConnectionIdleTimeMS=0, maintenanceInitialDelayMS=0, maintenanceFrequencyMS=60000, connectionPoolListeners=[], maxConnecting=2}, serverSettings=ServerSettings{heartbeatFrequencyMS=10000, minHeartbeatFrequencyMS=500, serverMonitoringMode=AUTO, serverListeners='[]', serverMonitorListeners='[]'}, sslSettings=SslSettings{enabled=false, invalidHostNameAllowed=false, context=null}, applicationName='null', compressorList=[], uuidRepresentation=JAVA_LEGACY, serverApi=null, autoEncryptionSettings=null, dnsClient=null, inetAddressResolver=null, contextProvider=null, timeoutMS=null}
[2025-11-14 02:58:10] [INFO] [org.mongodb.driver.cluster] - Monitor thread successfully connected to server with description ServerDescription{address=mongo:27017, type=STANDALONE, cryptd=false, state=CONNECTED, ok=true, minWireVersion=0, maxWireVersion=17, maxDocumentSize=16777216, logicalSessionTimeoutMinutes=30, roundTripTimeNanos=31960408, minRoundTripTimeNanos=0}
[2025-11-14 02:58:10] [INFO] [org.apache.coyote.http11.Http11NioProtocol] - Starting ProtocolHandler ["http-nio-85"]
[2025-11-14 02:58:11] [INFO] [org.springframework.boot.web.embedded.tomcat.TomcatWebServer] - Tomcat started on port 85 (http) with context path '/'
[2025-11-14 02:58:11] [INFO] [com.ms_usuario.usuarios.MsUsuarioApplication] - Started MsUsuarioApplication in 3.337 seconds (process running for 3.972)
[2025-11-14 02:58:19] [INFO] [org.apache.catalina.core.ContainerBase.[Tomcat].[localhost].[/]] - Initializing Spring DispatcherServlet 'dispatcherServlet'
[2025-11-14 02:58:19] [INFO] [org.springframework.web.servlet.DispatcherServlet] - Initializing Servlet 'dispatcherServlet'
[2025-11-14 02:58:19] [INFO] [org.springframework.web.servlet.DispatcherServlet] - Completed initialization in 2 ms
[2025-11-14 02:58:19] [INFO] [com.ms_usuario.usuarios.service.impl.UsuarioServiceImpl] - Intentando login para el usuario: lorelei
[2025-11-14 02:58:19] [WARN] [com.ms_usuario.usuarios.service.impl.UsuarioServiceImpl] - Clave incorrecta para usuario: lorelei
[2025-11-14 02:58:19] [ERROR] [com.ms_usuario.usuarios.exception.GlobalExceptionHandler] - Error de negocio: Clave incorrecta | Path: /api/v1/usuarios/login
[2025-11-14 02:58:25] [INFO] [com.ms_usuario.usuarios.service.impl.UsuarioServiceImpl] - Intentando login para el usuario: lorelei
[2025-11-14 02:58:25] [INFO] [com.ms_usuario.usuarios.service.impl.UsuarioServiceImpl] - Login exitoso para usuario: lorelei
[2025-11-14 02:59:49] [INFO] [org.springframework.boot.web.embedded.tomcat.GracefulShutdown] - Commencing graceful shutdown. Waiting for active requests to complete
[2025-11-14 02:59:49] [INFO] [org.springframework.boot.web.embedded.tomcat.GracefulShutdown] - Graceful shutdown complete
[2025-11-14 03:00:31] [INFO] [org.hibernate.validator.internal.util.Version] - HV000001: Hibernate Validator 8.0.3.Final
[2025-11-14 03:00:31] [INFO] [com.ms_usuario.usuarios.MsUsuarioApplication] - Starting MsUsuarioApplication v0.0.1-SNAPSHOT using Java 21.0.9 with PID 1 (/app/app.jar started by root in /app)
[2025-11-14 03:00:31] [INFO] [com.ms_usuario.usuarios.MsUsuarioApplication] - No active profile set, falling back to 1 default profile: "default"
[2025-11-14 03:00:32] [INFO] [org.springframework.data.repository.config.RepositoryConfigurationDelegate] - Bootstrapping Spring Data MongoDB repositories in DEFAULT mode.
[2025-11-14 03:00:32] [INFO] [org.springframework.data.repository.config.RepositoryConfigurationDelegate] - Finished Spring Data repository scanning in 46 ms. Found 1 MongoDB repository interface.
[2025-11-14 03:00:32] [INFO] [org.springframework.boot.web.embedded.tomcat.TomcatWebServer] - Tomcat initialized with port 85 (http)
[2025-11-14 03:00:32] [INFO] [org.apache.coyote.http11.Http11NioProtocol] - Initializing ProtocolHandler ["http-nio-85"]
[2025-11-14 03:00:32] [INFO] [org.apache.catalina.core.StandardService] - Starting service [Tomcat]
[2025-11-14 03:00:32] [INFO] [org.apache.catalina.core.StandardEngine] - Starting Servlet engine: [Apache Tomcat/10.1.48]
[2025-11-14 03:00:32] [INFO] [org.apache.catalina.core.ContainerBase.[Tomcat].[localhost].[/]] - Initializing Spring embedded WebApplicationContext
[2025-11-14 03:00:32] [INFO] [org.springframework.boot.web.servlet.context.ServletWebServerApplicationContext] - Root WebApplicationContext: initialization completed in 1146 ms
[2025-11-14 03:00:33] [INFO] [org.mongodb.driver.client] - MongoClient with metadata {"driver": {"name": "mongo-java-driver|sync|spring-boot", "version": "5.5.2"}, "os": {"type": "Linux", "name": "Linux", "architecture": "amd64", "version": "5.15.153.1-microsoft-standard-WSL2"}, "platform": "Java/Eclipse Adoptium/21.0.9+10-LTS", "env": {"container": {"runtime": "docker"}}} created with settings MongoClientSettings{readPreference=primary, writeConcern=WriteConcern{w=null, wTimeout=null ms, journal=null}, retryWrites=true, retryReads=true, readConcern=ReadConcern{level=null}, credential=null, transportSettings=null, commandListeners=[], codecRegistry=ProvidersCodecRegistry{codecProviders=[ValueCodecProvider{}, BsonValueCodecProvider{}, DBRefCodecProvider{}, DBObjectCodecProvider{}, DocumentCodecProvider{}, CollectionCodecProvider{}, IterableCodecProvider{}, MapCodecProvider{}, GeoJsonCodecProvider{}, GridFSFileCodecProvider{}, Jsr310CodecProvider{}, JsonObjectCodecProvider{}, BsonCodecProvider{}, EnumCodecProvider{}, com.mongodb.client.model.mql.ExpressionCodecProvider@7c96c85, com.mongodb.Jep395RecordCodecProvider@b0f2d91, com.mongodb.KotlinCodecProvider@7243145f]}, loggerSettings=LoggerSettings{maxDocumentLength=1000}, clusterSettings={hosts=[mongo:27017], srvServiceName=mongodb, mode=SINGLE, requiredClusterType=UNKNOWN, requiredReplicaSetName='null', serverSelector='null', clusterListeners='[]', serverSelectionTimeout='30000 ms', localThreshold='15 ms'}, socketSettings=SocketSettings{connectTimeoutMS=10000, readTimeoutMS=0, receiveBufferSize=0, proxySettings=ProxySettings{host=null, port=null, username=null, password=null}}, heartbeatSocketSettings=SocketSettings{connectTimeoutMS=10000, readTimeoutMS=10000, receiveBufferSize=0, proxySettings=ProxySettings{host=null, port=null, username=null, password=null}}, connectionPoolSettings=ConnectionPoolSettings{maxSize=100, minSize=0, maxWaitTimeMS=120000, maxConnectionLifeTimeMS=0, maxConnectionIdleTimeMS=0, maintenanceInitialDelayMS=0, maintenanceFrequencyMS=60000, connectionPoolListeners=[], maxConnecting=2}, serverSettings=ServerSettings{heartbeatFrequencyMS=10000, minHeartbeatFrequencyMS=500, serverMonitoringMode=AUTO, serverListeners='[]', serverMonitorListeners='[]'}, sslSettings=SslSettings{enabled=false, invalidHostNameAllowed=false, context=null}, applicationName='null', compressorList=[], uuidRepresentation=JAVA_LEGACY, serverApi=null, autoEncryptionSettings=null, dnsClient=null, inetAddressResolver=null, contextProvider=null, timeoutMS=null}
[2025-11-14 03:00:33] [INFO] [org.mongodb.driver.cluster] - Monitor thread successfully connected to server with description ServerDescription{address=mongo:27017, type=STANDALONE, cryptd=false, state=CONNECTED, ok=true, minWireVersion=0, maxWireVersion=17, maxDocumentSize=16777216, logicalSessionTimeoutMinutes=30, roundTripTimeNanos=21655307, minRoundTripTimeNanos=0}
[2025-11-14 03:00:33] [INFO] [org.apache.coyote.http11.Http11NioProtocol] - Starting ProtocolHandler ["http-nio-85"]
[2025-11-14 03:00:33] [INFO] [org.springframework.boot.web.embedded.tomcat.TomcatWebServer] - Tomcat started on port 85 (http) with context path '/'
[2025-11-14 03:00:33] [INFO] [com.ms_usuario.usuarios.MsUsuarioApplication] - Started MsUsuarioApplication in 3.198 seconds (process running for 3.815)
[2025-11-14 03:00:33] [WARN] [org.springdoc.core.events.SpringDocAppInitializer] - SpringDoc /v3/api-docs endpoint is enabled by default. To disable it in production, set the property 'springdoc.api-docs.enabled=false'
[2025-11-14 03:00:33] [WARN] [org.springdoc.core.events.SpringDocAppInitializer] - SpringDoc /swagger-ui.html endpoint is enabled by default. To disable it in production, set the property 'springdoc.swagger-ui.enabled=false'
[2025-11-14 03:00:47] [INFO] [org.apache.catalina.core.ContainerBase.[Tomcat].[localhost].[/]] - Initializing Spring DispatcherServlet 'dispatcherServlet'
[2025-11-14 03:00:47] [INFO] [org.springframework.web.servlet.DispatcherServlet] - Initializing Servlet 'dispatcherServlet'
[2025-11-14 03:00:47] [INFO] [org.springframework.web.servlet.DispatcherServlet] - Completed initialization in 3 ms
[2025-11-14 03:00:47] [INFO] [org.springdoc.api.AbstractOpenApiResource] - Init duration for springdoc-openapi is: 292 ms
[2025-11-14 03:00:48] [ERROR] [com.ms_usuario.usuarios.exception.GlobalExceptionHandler] - Error inesperado: No static resource favicon.ico. | Path: /favicon.ico
[2025-11-14 03:03:05] [INFO] [org.springframework.boot.web.embedded.tomcat.GracefulShutdown] - Commencing graceful shutdown. Waiting for active requests to complete
[2025-11-14 03:03:05] [INFO] [org.springframework.boot.web.embedded.tomcat.GracefulShutdown] - Graceful shutdown complete
[2025-11-14 04:39:45] [INFO] [org.hibernate.validator.internal.util.Version] - HV000001: Hibernate Validator 8.0.3.Final
[2025-11-14 04:39:45] [INFO] [com.ms_usuario.usuarios.MsUsuarioApplication] - Starting MsUsuarioApplication v0.0.1-SNAPSHOT using Java 21.0.9 with PID 1 (/app/app.jar started by root in /app)
[2025-11-14 04:39:45] [INFO] [com.ms_usuario.usuarios.MsUsuarioApplication] - No active profile set, falling back to 1 default profile: "default"
[2025-11-14 04:39:48] [INFO] [org.springframework.data.repository.config.RepositoryConfigurationDelegate] - Bootstrapping Spring Data MongoDB repositories in DEFAULT mode.
[2025-11-14 04:39:48] [INFO] [org.springframework.data.repository.config.RepositoryConfigurationDelegate] - Finished Spring Data repository scanning in 99 ms. Found 1 MongoDB repository interface.
[2025-11-14 04:39:49] [INFO] [org.springframework.boot.web.embedded.tomcat.TomcatWebServer] - Tomcat initialized with port 85 (http)
[2025-11-14 04:39:49] [INFO] [org.apache.coyote.http11.Http11NioProtocol] - Initializing ProtocolHandler ["http-nio-85"]
[2025-11-14 04:39:49] [INFO] [org.apache.catalina.core.StandardService] - Starting service [Tomcat]
[2025-11-14 04:39:49] [INFO] [org.apache.catalina.core.StandardEngine] - Starting Servlet engine: [Apache Tomcat/10.1.48]
[2025-11-14 04:39:49] [INFO] [org.apache.catalina.core.ContainerBase.[Tomcat].[localhost].[/]] - Initializing Spring embedded WebApplicationContext
[2025-11-14 04:39:49] [INFO] [org.springframework.boot.web.servlet.context.ServletWebServerApplicationContext] - Root WebApplicationContext: initialization completed in 4332 ms
[2025-11-14 04:39:50] [INFO] [org.mongodb.driver.client] - MongoClient with metadata {"driver": {"name": "mongo-java-driver|sync|spring-boot", "version": "5.5.2"}, "os": {"type": "Linux", "name": "Linux", "architecture": "amd64", "version": "5.15.153.1-microsoft-standard-WSL2"}, "platform": "Java/Eclipse Adoptium/21.0.9+10-LTS", "env": {"container": {"runtime": "docker"}}} created with settings MongoClientSettings{readPreference=primary, writeConcern=WriteConcern{w=null, wTimeout=null ms, journal=null}, retryWrites=true, retryReads=true, readConcern=ReadConcern{level=null}, credential=null, transportSettings=null, commandListeners=[], codecRegistry=ProvidersCodecRegistry{codecProviders=[ValueCodecProvider{}, BsonValueCodecProvider{}, DBRefCodecProvider{}, DBObjectCodecProvider{}, DocumentCodecProvider{}, CollectionCodecProvider{}, IterableCodecProvider{}, MapCodecProvider{}, GeoJsonCodecProvider{}, GridFSFileCodecProvider{}, Jsr310CodecProvider{}, JsonObjectCodecProvider{}, BsonCodecProvider{}, EnumCodecProvider{}, com.mongodb.client.model.mql.ExpressionCodecProvider@66749eea, com.mongodb.Jep395RecordCodecProvider@7135ce0a, com.mongodb.KotlinCodecProvider@617449dd]}, loggerSettings=LoggerSettings{maxDocumentLength=1000}, clusterSettings={hosts=[mongo-usuarios:27017], srvServiceName=mongodb, mode=SINGLE, requiredClusterType=UNKNOWN, requiredReplicaSetName='null', serverSelector='null', clusterListeners='[]', serverSelectionTimeout='30000 ms', localThreshold='15 ms'}, socketSettings=SocketSettings{connectTimeoutMS=10000, readTimeoutMS=0, receiveBufferSize=0, proxySettings=ProxySettings{host=null, port=null, username=null, password=null}}, heartbeatSocketSettings=SocketSettings{connectTimeoutMS=10000, readTimeoutMS=10000, receiveBufferSize=0, proxySettings=ProxySettings{host=null, port=null, username=null, password=null}}, connectionPoolSettings=ConnectionPoolSettings{maxSize=100, minSize=0, maxWaitTimeMS=120000, maxConnectionLifeTimeMS=0, maxConnectionIdleTimeMS=0, maintenanceInitialDelayMS=0, maintenanceFrequencyMS=60000, connectionPoolListeners=[], maxConnecting=2}, serverSettings=ServerSettings{heartbeatFrequencyMS=10000, minHeartbeatFrequencyMS=500, serverMonitoringMode=AUTO, serverListeners='[]', serverMonitorListeners='[]'}, sslSettings=SslSettings{enabled=false, invalidHostNameAllowed=false, context=null}, applicationName='null', compressorList=[], uuidRepresentation=JAVA_LEGACY, serverApi=null, autoEncryptionSettings=null, dnsClient=null, inetAddressResolver=null, contextProvider=null, timeoutMS=null}
[2025-11-14 04:39:51] [INFO] [org.mongodb.driver.cluster] - Monitor thread successfully connected to server with description ServerDescription{address=mongo-usuarios:27017, type=STANDALONE, cryptd=false, state=CONNECTED, ok=true, minWireVersion=0, maxWireVersion=17, maxDocumentSize=16777216, logicalSessionTimeoutMinutes=30, roundTripTimeNanos=134172479, minRoundTripTimeNanos=0}
[2025-11-14 04:39:54] [INFO] [org.apache.coyote.http11.Http11NioProtocol] - Starting ProtocolHandler ["http-nio-85"]
[2025-11-14 04:39:54] [INFO] [org.springframework.boot.web.embedded.tomcat.TomcatWebServer] - Tomcat started on port 85 (http) with context path '/'
[2025-11-14 04:39:54] [INFO] [com.ms_usuario.usuarios.MsUsuarioApplication] - Started MsUsuarioApplication in 10.704 seconds (process running for 12.699)
[2025-11-14 04:39:54] [WARN] [org.springdoc.core.events.SpringDocAppInitializer] - SpringDoc /v3/api-docs endpoint is enabled by default. To disable it in production, set the property 'springdoc.api-docs.enabled=false'
[2025-11-14 04:39:54] [WARN] [org.springdoc.core.events.SpringDocAppInitializer] - SpringDoc /swagger-ui.html endpoint is enabled by default. To disable it in production, set the property 'springdoc.swagger-ui.enabled=false'
[2025-11-14 04:41:09] [INFO] [org.springframework.boot.web.embedded.tomcat.GracefulShutdown] - Commencing graceful shutdown. Waiting for active requests to complete
[2025-11-14 04:41:09] [INFO] [org.springframework.boot.web.embedded.tomcat.GracefulShutdown] - Graceful shutdown complete
[2025-11-14 04:42:43] [INFO] [org.hibernate.validator.internal.util.Version] - HV000001: Hibernate Validator 8.0.3.Final
[2025-11-14 04:42:43] [INFO] [com.ms_usuario.usuarios.MsUsuarioApplication] - Starting MsUsuarioApplication v0.0.1-SNAPSHOT using Java 21.0.9 with PID 1 (/app/app.jar started by root in /app)
[2025-11-14 04:42:43] [INFO] [com.ms_usuario.usuarios.MsUsuarioApplication] - No active profile set, falling back to 1 default profile: "default"
[2025-11-14 04:42:44] [INFO] [org.springframework.data.repository.config.RepositoryConfigurationDelegate] - Bootstrapping Spring Data MongoDB repositories in DEFAULT mode.
[2025-11-14 04:42:44] [INFO] [org.springframework.data.repository.config.RepositoryConfigurationDelegate] - Finished Spring Data repository scanning in 61 ms. Found 1 MongoDB repository interface.
[2025-11-14 04:42:45] [INFO] [org.springframework.boot.web.embedded.tomcat.TomcatWebServer] - Tomcat initialized with port 85 (http)
[2025-11-14 04:42:45] [INFO] [org.apache.coyote.http11.Http11NioProtocol] - Initializing ProtocolHandler ["http-nio-85"]
[2025-11-14 04:42:45] [INFO] [org.apache.catalina.core.StandardService] - Starting service [Tomcat]
[2025-11-14 04:42:45] [INFO] [org.apache.catalina.core.StandardEngine] - Starting Servlet engine: [Apache Tomcat/10.1.48]
[2025-11-14 04:42:45] [INFO] [org.apache.catalina.core.ContainerBase.[Tomcat].[localhost].[/]] - Initializing Spring embedded WebApplicationContext
[2025-11-14 04:42:45] [INFO] [org.springframework.boot.web.servlet.context.ServletWebServerApplicationContext] - Root WebApplicationContext: initialization completed in 2054 ms
[2025-11-14 04:42:46] [INFO] [org.mongodb.driver.client] - MongoClient with metadata {"driver": {"name": "mongo-java-driver|sync|spring-boot", "version": "5.5.2"}, "os": {"type": "Linux", "name": "Linux", "architecture": "amd64", "version": "5.15.153.1-microsoft-standard-WSL2"}, "platform": "Java/Eclipse Adoptium/21.0.9+10-LTS", "env": {"container": {"runtime": "docker"}}} created with settings MongoClientSettings{readPreference=primary, writeConcern=WriteConcern{w=null, wTimeout=null ms, journal=null}, retryWrites=true, retryReads=true, readConcern=ReadConcern{level=null}, credential=null, transportSettings=null, commandListeners=[], codecRegistry=ProvidersCodecRegistry{codecProviders=[ValueCodecProvider{}, BsonValueCodecProvider{}, DBRefCodecProvider{}, DBObjectCodecProvider{}, DocumentCodecProvider{}, CollectionCodecProvider{}, IterableCodecProvider{}, MapCodecProvider{}, GeoJsonCodecProvider{}, GridFSFileCodecProvider{}, Jsr310CodecProvider{}, JsonObjectCodecProvider{}, BsonCodecProvider{}, EnumCodecProvider{}, com.mongodb.client.model.mql.ExpressionCodecProvider@3ca14cf4, com.mongodb.Jep395RecordCodecProvider@1f4f0fcc, com.mongodb.KotlinCodecProvider@46c10083]}, loggerSettings=LoggerSettings{maxDocumentLength=1000}, clusterSettings={hosts=[mongo-usuarios:27017], srvServiceName=mongodb, mode=SINGLE, requiredClusterType=UNKNOWN, requiredReplicaSetName='null', serverSelector='null', clusterListeners='[]', serverSelectionTimeout='30000 ms', localThreshold='15 ms'}, socketSettings=SocketSettings{connectTimeoutMS=10000, readTimeoutMS=0, receiveBufferSize=0, proxySettings=ProxySettings{host=null, port=null, username=null, password=null}}, heartbeatSocketSettings=SocketSettings{connectTimeoutMS=10000, readTimeoutMS=10000, receiveBufferSize=0, proxySettings=ProxySettings{host=null, port=null, username=null, password=null}}, connectionPoolSettings=ConnectionPoolSettings{maxSize=100, minSize=0, maxWaitTimeMS=120000, maxConnectionLifeTimeMS=0, maxConnectionIdleTimeMS=0, maintenanceInitialDelayMS=0, maintenanceFrequencyMS=60000, connectionPoolListeners=[], maxConnecting=2}, serverSettings=ServerSettings{heartbeatFrequencyMS=10000, minHeartbeatFrequencyMS=500, serverMonitoringMode=AUTO, serverListeners='[]', serverMonitorListeners='[]'}, sslSettings=SslSettings{enabled=false, invalidHostNameAllowed=false, context=null}, applicationName='null', compressorList=[], uuidRepresentation=JAVA_LEGACY, serverApi=null, autoEncryptionSettings=null, dnsClient=null, inetAddressResolver=null, contextProvider=null, timeoutMS=null}
[2025-11-14 04:42:46] [INFO] [org.mongodb.driver.cluster] - Monitor thread successfully connected to server with description ServerDescription{address=mongo-usuarios:27017, type=STANDALONE, cryptd=false, state=CONNECTED, ok=true, minWireVersion=0, maxWireVersion=17, maxDocumentSize=16777216, logicalSessionTimeoutMinutes=30, roundTripTimeNanos=52265315, minRoundTripTimeNanos=0}
[2025-11-14 04:42:48] [INFO] [org.apache.coyote.http11.Http11NioProtocol] - Starting ProtocolHandler ["http-nio-85"]
[2025-11-14 04:42:48] [INFO] [org.springframework.boot.web.embedded.tomcat.TomcatWebServer] - Tomcat started on port 85 (http) with context path '/'
[2025-11-14 04:42:48] [INFO] [com.ms_usuario.usuarios.MsUsuarioApplication] - Started MsUsuarioApplication in 5.406 seconds (process running for 6.537)
[2025-11-14 04:42:48] [WARN] [org.springdoc.core.events.SpringDocAppInitializer] - SpringDoc /v3/api-docs endpoint is enabled by default. To disable it in production, set the property 'springdoc.api-docs.enabled=false'
[2025-11-14 04:42:48] [WARN] [org.springdoc.core.events.SpringDocAppInitializer] - SpringDoc /swagger-ui.html endpoint is enabled by default. To disable it in production, set the property 'springdoc.swagger-ui.enabled=false'
